<?xml version="1.0" encoding="UTF-8"?>
<testng-results ignored="0" total="2" passed="2" failed="0" skipped="0">
  <reporter-output>
  </reporter-output>
  <suite started-at="2024-03-24T13:00:54 IST" name="testRunners.TestRunner" finished-at="2024-03-24T13:01:13 IST" duration-ms="18596">
    <groups>
      <group name="cucumber">
        <method signature="AbstractTestNGCucumberTests.runScenario(io.cucumber.testng.PickleWrapper,io.cucumber.testng.FeatureWrapper)[pri:0, instance:testRunners.TestRunner@223f3642]" name="runScenario" class="io.cucumber.testng.AbstractTestNGCucumberTests"/>
      </group> <!-- cucumber -->
    </groups>
    <test started-at="2024-03-24T13:00:54 IST" name="Command line test" finished-at="2024-03-24T13:01:13 IST" duration-ms="18596">
      <class name="testRunners.TestRunner">
        <test-method is-config="true" signature="setUpClass(org.testng.ITestContext)[pri:0, instance:testRunners.TestRunner@223f3642]" started-at="2024-03-24T13:00:54 IST" name="setUpClass" finished-at="2024-03-24T13:00:55 IST" duration-ms="862" status="PASS">
          <params>
            <param index="0">
              <value>
                <![CDATA[org.testng.TestRunner@1603dc2f]]>
              </value>
            </param>
          </params>
          <reporter-output>
          </reporter-output>
        </test-method> <!-- setUpClass -->
        <test-method signature="runScenario(io.cucumber.testng.PickleWrapper,io.cucumber.testng.FeatureWrapper)[pri:0, instance:testRunners.TestRunner@223f3642]" started-at="2024-03-24T13:00:55 IST" name="runScenario" description="Runs Cucumber Scenarios" data-provider="scenarios" finished-at="2024-03-24T13:01:12 IST" duration-ms="17250" status="PASS">
          <params>
            <param index="0">
              <value>
                <![CDATA["Add and delete course"]]>
              </value>
            </param>
            <param index="1">
              <value>
                <![CDATA["Course"]]>
              </value>
            </param>
          </params>
          <reporter-output>
          </reporter-output>
        </test-method> <!-- runScenario -->
        <test-method signature="runScenario(io.cucumber.testng.PickleWrapper,io.cucumber.testng.FeatureWrapper)[pri:0, instance:testRunners.TestRunner@223f3642]" started-at="2024-03-24T13:00:55 IST" name="runScenario" description="Runs Cucumber Scenarios" data-provider="scenarios" finished-at="2024-03-24T13:01:09 IST" duration-ms="14517" status="PASS">
          <params>
            <param index="0">
              <value>
                <![CDATA["Add and delete category"]]>
              </value>
            </param>
            <param index="1">
              <value>
                <![CDATA["Category"]]>
              </value>
            </param>
          </params>
          <reporter-output>
          </reporter-output>
        </test-method> <!-- runScenario -->
        <test-method is-config="true" signature="tearDownClass()[pri:0, instance:testRunners.TestRunner@223f3642]" started-at="2024-03-24T13:01:12 IST" name="tearDownClass" finished-at="2024-03-24T13:01:13 IST" duration-ms="442" status="PASS">
          <reporter-output>
          </reporter-output>
        </test-method> <!-- tearDownClass -->
      </class> <!-- testRunners.TestRunner -->
    </test> <!-- Command line test -->
  </suite> <!-- testRunners.TestRunner -->
</testng-results>
